{"log":
 [{"message":
   ".> LEAN_PATH=/Users/onean/leanstuff/monomorphization/.lake/packages/Cli/.lake/build/lib/lean:/Users/onean/leanstuff/monomorphization/.lake/packages/batteries/.lake/build/lib/lean:/Users/onean/leanstuff/monomorphization/.lake/packages/Qq/.lake/build/lib/lean:/Users/onean/leanstuff/monomorphization/.lake/packages/aesop/.lake/build/lib/lean:/Users/onean/leanstuff/monomorphization/.lake/packages/proofwidgets/.lake/build/lib/lean:/Users/onean/leanstuff/monomorphization/.lake/packages/importGraph/.lake/build/lib/lean:/Users/onean/leanstuff/monomorphization/.lake/packages/LeanSearchClient/.lake/build/lib/lean:/Users/onean/leanstuff/monomorphization/.lake/packages/plausible/.lake/build/lib/lean:/Users/onean/leanstuff/monomorphization/.lake/packages/mathlib/.lake/build/lib/lean:/Users/onean/leanstuff/monomorphization/.lake/packages/Canonical/.lake/build/lib/lean:/Users/onean/leanstuff/monomorphization/.lake/build/lib/lean /Users/onean/.elan/toolchains/leanprover--lean4---v4.21.0-rc3/bin/lean /Users/onean/leanstuff/monomorphization/Monomorphization/Basic.lean -R /Users/onean/leanstuff/monomorphization -o /Users/onean/leanstuff/monomorphization/.lake/build/lib/lean/Monomorphization/Basic.olean -i /Users/onean/leanstuff/monomorphization/.lake/build/lib/lean/Monomorphization/Basic.ilean -c /Users/onean/leanstuff/monomorphization/.lake/build/ir/Monomorphization/Basic.c --json",
   "level": "trace"}],
 "inputs":
 [["Monomorphization.Basic:deps",
   [["deps",
     [["Monomorphization/Monomorphization:extraDep",
       [["@Monomorphization:extraDep", "1723"]]],
      ["import oleans",
       [["Mathlib.Tactic.Ring:olean",
         [["Mathlib.Tactic.Ring:deps", "16815189566034096766"],
          ["/Users/onean/leanstuff/monomorphization/.lake/packages/mathlib/.lake/build/lib/lean/Mathlib/Tactic/Ring.olean",
           "10430271493450383481"]]],
        ["Mathlib.Data.Real.Basic:olean",
         [["Mathlib.Data.Real.Basic:deps", "18078467449909503427"],
          ["/Users/onean/leanstuff/monomorphization/.lake/packages/mathlib/.lake/build/lib/lean/Mathlib/Data/Real/Basic.olean",
           "4700617534448370109"]]],
        ["Mathlib.Data.ZMod.Basic:olean",
         [["Mathlib.Data.ZMod.Basic:deps", "13854058008574589125"],
          ["/Users/onean/leanstuff/monomorphization/.lake/packages/mathlib/.lake/build/lib/lean/Mathlib/Data/ZMod/Basic.olean",
           "5983048144376815132"]]],
        ["Mathlib.Data.List.Basic:olean",
         [["Mathlib.Data.List.Basic:deps", "16349103164431759464"],
          ["/Users/onean/leanstuff/monomorphization/.lake/packages/mathlib/.lake/build/lib/lean/Mathlib/Data/List/Basic.olean",
           "10206737004952260473"]]]]]]],
    ["libs",
     [["import dynlibs", "1723"],
      ["package external libraries", "1723"],
      ["module dynlibs", "1723"],
      ["module plugins", "1723"]]]]],
  ["Lean 4.21.0, commit 6741444a63eec253a7eae7a83f1beb3de015023d",
   "11123825329739276520"],
  ["Module.leanArgs: #[]", "1723"],
  ["/Users/onean/leanstuff/monomorphization/Monomorphization/Basic.lean",
   "15497750116919635463"]],
 "depHash": "8749312386331099063"}